<?xml version="1.0" encoding="UTF-8"?>
<!-- Generated by org.testng.reporters.JUnitReportReporter -->
<testsuite hostname="LAPTOP-S02GHNDO" failures="0" tests="1" name="TestLogin" time="19.006" errors="0" timestamp="2022-01-28T11:32:09 CST" skipped="0">
  <testcase classname="TestLogin" name="FileUploadUsingRobot" time="19.006"/>
  <system-out/>
</testsuite> <!-- TestLogin -->
