<?xml version="1.0" encoding="UTF-8"?>
<!-- Generated by org.testng.reporters.JUnitReportReporter -->
<testsuite hostname="LAPTOP-S02GHNDO" failures="0" tests="1" name="TestLogin" time="7.162" errors="0" timestamp="2022-01-25T11:33:22 CST" skipped="0">
  <testcase classname="TestLogin" name="TestMultipleWindows" time="7.162"/>
  <system-out/>
</testsuite> <!-- TestLogin -->
