<?xml version="1.0" encoding="UTF-8"?>
<!-- Generated by org.testng.reporters.JUnitReportReporter -->
<testsuite hostname="LAPTOP-S02GHNDO" failures="0" tests="1" name="TestLogin" time="7.536" errors="0" timestamp="2022-01-26T04:38:38 CST" skipped="0">
  <testcase classname="TestLogin" name="TestBasicHTMLControls" time="7.536"/>
  <system-out/>
</testsuite> <!-- TestLogin -->
