<?xml version="1.0" encoding="UTF-8"?>
<!-- Generated by org.testng.reporters.JUnitReportReporter -->
<testsuite hostname="LAPTOP-S02GHNDO" failures="0" tests="1" name="TestLogin" time="107.435" errors="0" timestamp="2022-01-28T10:05:09 CST" skipped="0">
  <testcase classname="TestLogin" name="FileDownload" time="107.435"/>
  <system-out/>
</testsuite> <!-- TestLogin -->
